
2025/02/11 (10:18:18) | ===> btop++ v.1.4.0
2025/02/11 (10:18:18) | WARNING: Could not get temp sensor - maybe you need to load the coretemp module
2025/02/11 (10:18:40) | WARNING: Failed to join _runner thread on exit!

2025/02/11 (11:04:24) | ===> btop++ v.1.4.0
2025/02/11 (11:04:24) | WARNING: Could not get temp sensor - maybe you need to load the coretemp module

2025/02/11 (15:50:57) | ===> btop++ v.1.4.0
2025/02/11 (15:50:57) | WARNING: Could not get temp sensor - maybe you need to load the coretemp module

2025/02/11 (16:05:29) | ===> btop++ v.1.4.0
2025/02/11 (16:05:29) | WARNING: Could not get temp sensor - maybe you need to load the coretemp module

2025/02/11 (20:09:14) | ===> btop++ v.1.4.0
2025/02/11 (20:09:14) | WARNING: Could not get temp sensor - maybe you need to load the coretemp module
2025/02/11 (20:09:21) | WARNING: Failed to join _runner thread on exit!

2025/02/11 (21:28:13) | ===> btop++ v.1.4.0
2025/02/11 (21:28:13) | WARNING: Could not get temp sensor - maybe you need to load the coretemp module

2025/02/11 (21:36:50) | ===> btop++ v.1.4.0
2025/02/11 (21:36:50) | WARNING: Could not get temp sensor - maybe you need to load the coretemp module

2025/02/11 (21:36:57) | ===> btop++ v.1.4.0
2025/02/11 (21:36:57) | WARNING: Could not get temp sensor - maybe you need to load the coretemp module

2025/02/11 (21:37:59) | ===> btop++ v.1.4.0
2025/02/11 (21:37:59) | WARNING: Could not get temp sensor - maybe you need to load the coretemp module

2025/02/11 (22:43:45) | ===> btop++ v.1.4.0
2025/02/11 (22:43:45) | WARNING: Could not get temp sensor - maybe you need to load the coretemp module

2025/02/11 (23:07:49) | ===> btop++ v.1.4.0
2025/02/11 (23:07:49) | WARNING: Could not get temp sensor - maybe you need to load the coretemp module

2025/02/12 (02:02:03) | ===> btop++ v.1.4.0
2025/02/12 (02:02:03) | WARNING: Could not get temp sensor - maybe you need to load the coretemp module
2025/02/12 (02:02:10) | WARNING: Failed to join _runner thread on exit!

2025/02/12 (02:04:00) | ===> btop++ v.1.4.0
2025/02/12 (02:04:00) | WARNING: Could not get temp sensor - maybe you need to load the coretemp module

2025/02/12 (08:36:23) | ===> btop++ v.1.4.0
2025/02/12 (08:36:23) | WARNING: Could not get temp sensor - maybe you need to load the coretemp module

2025/02/12 (12:14:14) | ===> btop++ v.1.4.0
2025/02/12 (12:14:14) | WARNING: Could not get temp sensor - maybe you need to load the coretemp module
2025/02/12 (12:14:28) | ERROR: Couldn't determine terminal size of "STDOUT_FILENO"!
2025/02/12 (12:14:28) | ERROR: Couldn't determine terminal size of "/dev/tty"!
2025/02/12 (12:14:30) | ERROR: Couldn't determine terminal size of "STDOUT_FILENO"!
2025/02/12 (12:14:30) | ERROR: Couldn't determine terminal size of "/dev/tty"!
2025/02/12 (12:14:32) | ERROR: Couldn't determine terminal size of "STDOUT_FILENO"!
2025/02/12 (12:14:32) | ERROR: Couldn't determine terminal size of "/dev/tty"!
2025/02/12 (12:14:34) | ERROR: Couldn't determine terminal size of "STDOUT_FILENO"!
2025/02/12 (12:14:34) | ERROR: Couldn't determine terminal size of "/dev/tty"!
2025/02/12 (12:14:36) | ERROR: Couldn't determine terminal size of "STDOUT_FILENO"!
2025/02/12 (12:14:36) | ERROR: Couldn't determine terminal size of "/dev/tty"!
2025/02/12 (12:14:38) | ERROR: Couldn't determine terminal size of "STDOUT_FILENO"!
2025/02/12 (12:14:38) | ERROR: Couldn't determine terminal size of "/dev/tty"!
2025/02/12 (12:14:40) | ERROR: Couldn't determine terminal size of "STDOUT_FILENO"!
2025/02/12 (12:14:40) | ERROR: Couldn't determine terminal size of "/dev/tty"!
2025/02/12 (12:14:42) | ERROR: Couldn't determine terminal size of "STDOUT_FILENO"!
2025/02/12 (12:14:42) | ERROR: Couldn't determine terminal size of "/dev/tty"!

2025/02/12 (13:48:12) | ===> btop++ v.1.4.0
2025/02/12 (13:48:12) | WARNING: Could not get temp sensor - maybe you need to load the coretemp module

2025/02/12 (13:48:22) | ===> btop++ v.1.4.0
2025/02/12 (13:48:22) | WARNING: Could not get temp sensor - maybe you need to load the coretemp module

2025/02/12 (13:48:34) | ===> btop++ v.1.4.0
2025/02/12 (13:48:34) | WARNING: Could not get temp sensor - maybe you need to load the coretemp module

2025/02/12 (17:10:07) | ===> btop++ v.1.4.0
2025/02/12 (17:10:07) | WARNING: Could not get temp sensor - maybe you need to load the coretemp module

2025/02/12 (18:19:51) | ===> btop++ v.1.4.0
2025/02/12 (18:19:51) | WARNING: Could not get temp sensor - maybe you need to load the coretemp module
2025/02/12 (18:19:59) | WARNING: Failed to join _runner thread on exit!

2025/02/12 (20:54:30) | ===> btop++ v.1.4.0
2025/02/12 (20:54:30) | WARNING: Could not get temp sensor - maybe you need to load the coretemp module

2025/02/12 (21:38:51) | ===> btop++ v.1.4.0
2025/02/12 (21:38:51) | WARNING: Could not get temp sensor - maybe you need to load the coretemp module

2025/02/12 (22:24:44) | ===> btop++ v.1.4.0
2025/02/12 (22:24:44) | WARNING: Could not get temp sensor - maybe you need to load the coretemp module
2025/02/12 (22:24:48) | WARNING: Failed to join _runner thread on exit!

2025/02/12 (22:25:03) | ===> btop++ v.1.4.0
2025/02/12 (22:25:03) | WARNING: Could not get temp sensor - maybe you need to load the coretemp module
2025/02/12 (22:25:10) | WARNING: Failed to join _runner thread on exit!

2025/02/12 (22:33:53) | ===> btop++ v.1.4.0
2025/02/12 (22:33:53) | WARNING: Could not get temp sensor - maybe you need to load the coretemp module

2025/02/12 (23:46:15) | ===> btop++ v.1.4.0
2025/02/12 (23:46:15) | WARNING: Could not get temp sensor - maybe you need to load the coretemp module

2025/02/12 (23:51:53) | ===> btop++ v.1.4.0
2025/02/12 (23:51:53) | WARNING: Could not get temp sensor - maybe you need to load the coretemp module

2025/02/13 (00:23:03) | ===> btop++ v.1.4.0
2025/02/13 (00:23:03) | WARNING: Could not get temp sensor - maybe you need to load the coretemp module
2025/02/13 (00:23:07) | WARNING: Failed to join _runner thread on exit!

2025/02/13 (00:25:30) | ===> btop++ v.1.4.0
2025/02/13 (00:25:30) | WARNING: Could not get temp sensor - maybe you need to load the coretemp module
2025/02/13 (00:25:32) | WARNING: Failed to join _runner thread on exit!

2025/02/13 (00:29:17) | ===> btop++ v.1.4.0
2025/02/13 (00:29:17) | WARNING: Could not get temp sensor - maybe you need to load the coretemp module

2025/02/13 (02:04:06) | ===> btop++ v.1.4.0
2025/02/13 (02:04:06) | WARNING: Could not get temp sensor - maybe you need to load the coretemp module

2025/02/13 (02:14:38) | ===> btop++ v.1.4.0
2025/02/13 (02:14:38) | WARNING: Could not get temp sensor - maybe you need to load the coretemp module

2025/02/13 (09:07:06) | ===> btop++ v.1.4.0
2025/02/13 (09:07:06) | WARNING: Could not get temp sensor - maybe you need to load the coretemp module

2025/02/13 (09:11:32) | ===> btop++ v.1.4.0
2025/02/13 (09:11:32) | WARNING: Could not get temp sensor - maybe you need to load the coretemp module
2025/02/13 (09:11:49) | WARNING: Failed to join _runner thread on exit!

2025/02/13 (11:14:13) | ===> btop++ v.1.4.0
2025/02/13 (11:14:13) | WARNING: Could not get temp sensor - maybe you need to load the coretemp module
2025/02/13 (11:14:30) | WARNING: Failed to join _runner thread on exit!

2025/02/13 (18:24:43) | ===> btop++ v.1.4.0
2025/02/13 (18:24:43) | WARNING: Could not get temp sensor - maybe you need to load the coretemp module

2025/02/14 (17:02:49) | ===> btop++ v.1.4.0
2025/02/14 (17:02:49) | WARNING: Could not get temp sensor - maybe you need to load the coretemp module

2025/02/15 (01:22:24) | ===> btop++ v.1.4.0
2025/02/15 (01:22:24) | WARNING: Could not get temp sensor - maybe you need to load the coretemp module
2025/02/15 (01:22:29) | WARNING: Failed to join _runner thread on exit!

2025/02/15 (18:25:07) | ===> btop++ v.1.4.0
2025/02/15 (18:25:07) | WARNING: Could not get temp sensor - maybe you need to load the coretemp module

2025/02/15 (18:31:14) | ===> btop++ v.1.4.0
2025/02/15 (18:31:14) | WARNING: Could not get temp sensor - maybe you need to load the coretemp module

2025/02/15 (20:51:06) | ===> btop++ v.1.4.0
2025/02/15 (20:51:06) | WARNING: Could not get temp sensor - maybe you need to load the coretemp module

2025/02/15 (22:47:40) | ===> btop++ v.1.4.0
2025/02/15 (22:47:40) | WARNING: Could not get temp sensor - maybe you need to load the coretemp module

2025/02/16 (19:37:47) | ===> btop++ v.1.4.0
2025/02/16 (19:37:47) | WARNING: Could not get temp sensor - maybe you need to load the coretemp module

2025/02/16 (19:44:41) | ===> btop++ v.1.4.0
2025/02/16 (19:44:41) | WARNING: Could not get temp sensor - maybe you need to load the coretemp module

2025/02/17 (13:00:23) | ===> btop++ v.1.4.0
2025/02/17 (13:00:23) | WARNING: Could not get temp sensor - maybe you need to load the coretemp module

2025/02/17 (19:26:59) | ===> btop++ v.1.4.0
2025/02/17 (19:26:59) | WARNING: Could not get temp sensor - maybe you need to load the coretemp module

2025/02/18 (11:06:33) | ===> btop++ v.1.4.0
2025/02/18 (11:06:33) | WARNING: Could not get temp sensor - maybe you need to load the coretemp module

2025/02/18 (13:00:17) | ===> btop++ v.1.4.0
2025/02/18 (13:00:17) | WARNING: Could not get temp sensor - maybe you need to load the coretemp module

2025/02/18 (19:15:10) | ===> btop++ v.1.4.0
2025/02/18 (19:15:10) | WARNING: Could not get temp sensor - maybe you need to load the coretemp module

2025/02/18 (22:50:24) | ===> btop++ v.1.4.0
2025/02/18 (22:50:24) | WARNING: Could not get temp sensor - maybe you need to load the coretemp module

2025/02/19 (00:02:50) | ===> btop++ v.1.4.0
2025/02/19 (00:02:50) | WARNING: Could not get temp sensor - maybe you need to load the coretemp module

2025/02/19 (09:51:22) | ===> btop++ v.1.4.0
2025/02/19 (09:51:22) | WARNING: Could not get temp sensor - maybe you need to load the coretemp module

2025/02/19 (19:00:37) | ===> btop++ v.1.4.0
2025/02/19 (19:00:37) | WARNING: Could not get temp sensor - maybe you need to load the coretemp module

2025/02/20 (09:22:16) | ===> btop++ v.1.4.0
2025/02/20 (09:22:16) | WARNING: Could not get temp sensor - maybe you need to load the coretemp module

2025/02/20 (20:35:15) | ===> btop++ v.1.4.0
2025/02/20 (20:35:15) | WARNING: Could not get temp sensor - maybe you need to load the coretemp module

2025/02/20 (23:47:52) | ===> btop++ v.1.4.0
2025/02/20 (23:47:52) | WARNING: Could not get temp sensor - maybe you need to load the coretemp module
2025/02/20 (23:47:54) | ERROR: Couldn't determine terminal size of "STDOUT_FILENO"!
2025/02/20 (23:47:54) | ERROR: Couldn't determine terminal size of "/dev/tty"!
2025/02/20 (23:47:54) | ERROR: Couldn't determine terminal size of "STDOUT_FILENO"!
2025/02/20 (23:47:54) | ERROR: Couldn't determine terminal size of "/dev/tty"!

2025/02/20 (23:47:58) | ===> btop++ v.1.4.0
2025/02/20 (23:47:58) | WARNING: Could not get temp sensor - maybe you need to load the coretemp module

2025/02/21 (12:32:08) | ===> btop++ v.1.4.0
2025/02/21 (12:32:08) | WARNING: Could not get temp sensor - maybe you need to load the coretemp module
2025/02/21 (12:32:10) | WARNING: Failed to join _runner thread on exit!

2025/02/21 (16:04:49) | ===> btop++ v.1.4.0
2025/02/21 (16:04:49) | WARNING: Could not get temp sensor - maybe you need to load the coretemp module
2025/02/21 (16:04:52) | WARNING: Failed to join _runner thread on exit!

2025/02/21 (18:14:04) | ===> btop++ v.1.4.0
2025/02/21 (18:14:04) | WARNING: Could not get temp sensor - maybe you need to load the coretemp module

2025/02/21 (21:09:04) | ===> btop++ v.1.4.0
2025/02/21 (21:09:04) | WARNING: Could not get temp sensor - maybe you need to load the coretemp module

2025/02/21 (21:30:18) | ===> btop++ v.1.4.0
2025/02/21 (21:30:18) | WARNING: Could not get temp sensor - maybe you need to load the coretemp module
2025/02/21 (21:30:29) | WARNING: Failed to join _runner thread on exit!
